2026-07-15 21:44:51,840 INFO o.a.j.u.JMeterUtils: Setting Locale to en_IN
2026-07-15 21:44:51,959 INFO o.a.j.JMeter: Loading user properties from: user.properties
2026-07-15 21:44:51,959 INFO o.a.j.JMeter: Loading system properties from: system.properties
2026-07-15 21:44:51,970 INFO o.a.j.JMeter: Copyright (c) 1998-2024 The Apache Software Foundation
2026-07-15 21:44:51,970 INFO o.a.j.JMeter: Version 5.6.3
2026-07-15 21:44:51,970 INFO o.a.j.JMeter: java.version=21.0.11
2026-07-15 21:44:51,970 INFO o.a.j.JMeter: java.vm.name=OpenJDK 64-Bit Server VM
2026-07-15 21:44:51,970 INFO o.a.j.JMeter: os.name=Windows 11
2026-07-15 21:44:51,970 INFO o.a.j.JMeter: os.arch=amd64
2026-07-15 21:44:51,971 INFO o.a.j.JMeter: os.version=10.0
2026-07-15 21:44:51,971 INFO o.a.j.JMeter: file.encoding=UTF-8
2026-07-15 21:44:51,971 INFO o.a.j.JMeter: java.awt.headless=null
2026-07-15 21:44:51,971 INFO o.a.j.JMeter: Max memory     =4223664128
2026-07-15 21:44:51,971 INFO o.a.j.JMeter: Available Processors =16
2026-07-15 21:44:51,984 INFO o.a.j.JMeter: Default Locale=English (India)
2026-07-15 21:44:51,984 INFO o.a.j.JMeter: JMeter  Locale=English (India)
2026-07-15 21:44:51,984 INFO o.a.j.JMeter: JMeterHome=C:\Users\srik2\Desktop\College\System Design\exp1\apache-jmeter-5.6.3
2026-07-15 21:44:51,985 INFO o.a.j.JMeter: user.dir  =C:\Users\srik2\Desktop\College\System Design\exp1\apache-jmeter-5.6.3\bin
2026-07-15 21:44:51,985 INFO o.a.j.JMeter: PWD       =C:\Users\srik2\Desktop\College\System Design\exp1\apache-jmeter-5.6.3\bin
2026-07-15 21:44:51,986 INFO o.a.j.JMeter: IP: 10.56.10.4 Name: JOS FullName: JOS
2026-07-15 21:44:51,996 INFO o.a.j.JMeter: Loaded icon properties from org/apache/jmeter/images/icon.properties
2026-07-15 21:44:52,353 INFO o.a.j.JMeterGuiLauncher: Setting LAF to: com.github.weisj.darklaf.DarkLaf:com.github.weisj.darklaf.theme.DarculaTheme
